{
  "stats": {
    "suites": 1,
    "tests": 1,
    "passes": 1,
    "pending": 0,
    "failures": 0,
    "start": "2022-05-13T02:38:28.558Z",
    "end": "2022-05-13T02:38:41.786Z",
    "duration": 13228,
    "testsRegistered": 1,
    "passPercent": 100,
    "pendingPercent": 0,
    "other": 0,
    "hasOther": false,
    "skipped": 0,
    "hasSkipped": false
  },
  "results": [
    {
      "uuid": "8665ac88-8977-41d5-9984-0c55d4e62222",
      "title": "",
      "fullFile": "cypress/integration/automation-test-store/add-myltiply-items-to-basket.spec.js",
      "file": "cypress/integration/automation-test-store/add-myltiply-items-to-basket.spec.js",
      "beforeHooks": [],
      "afterHooks": [],
      "tests": [],
      "suites": [
        {
          "uuid": "588f4e9d-ad26-4bac-960d-735219b6ad0a",
          "title": "Add myltiply items into the basket",
          "fullFile": "",
          "file": "",
          "beforeHooks": [],
          "afterHooks": [],
          "tests": [
            {
              "title": "Add specific item into the basket",
              "fullTitle": "Add myltiply items into the basket Add specific item into the basket",
              "timedOut": null,
              "duration": 10396,
              "state": "passed",
              "speed": "slow",
              "pass": true,
              "fail": false,
              "pending": false,
              "context": null,
              "code": "autoStore_HairCare.addHairCareToBasket();",
              "err": {},
              "uuid": "ba83c302-b694-4045-9062-28a3a7e70747",
              "parentUUID": "588f4e9d-ad26-4bac-960d-735219b6ad0a",
              "isHook": false,
              "skipped": false
            }
          ],
          "suites": [],
          "passes": [
            "ba83c302-b694-4045-9062-28a3a7e70747"
          ],
          "failures": [],
          "pending": [],
          "skipped": [],
          "duration": 10396,
          "root": false,
          "rootEmpty": false,
          "_timeout": 2000
        }
      ],
      "passes": [],
      "failures": [],
      "pending": [],
      "skipped": [],
      "duration": 0,
      "root": true,
      "rootEmpty": true,
      "_timeout": 2000
    }
  ],
  "meta": {
    "mocha": {
      "version": "7.0.1"
    },
    "mochawesome": {
      "options": {
        "quiet": false,
        "reportFilename": "mochawesome",
        "saveHtml": false,
        "saveJson": true,
        "consoleReporter": "spec",
        "useInlineDiffs": false,
        "code": true
      },
      "version": "7.1.3"
    },
    "marge": {
      "options": {
        "id": "default",
        "reportDir": "cypress/rersults/mochawesome",
        "quite": true,
        "overwrite": false,
        "html": false,
        "json": true
      },
      "version": "6.2.0"
    }
  }
}